0 verbose cli /Users/pallavpradhan/.nvm/versions/node/v24.9.0/bin/node /Users/pallavpradhan/.nvm/versions/node/v24.9.0/bin/npm
1 info using npm@11.6.0
2 info using node@v24.9.0
3 silly config load:file:/Users/pallavpradhan/.nvm/versions/node/v24.9.0/lib/node_modules/npm/npmrc
4 silly config load:file:/Volumes/PALLAV/MUNUDIDI ATTANDENCE APP/.npmrc
5 silly config load:file:/Users/pallavpradhan/.npmrc
6 silly config load:file:/Users/pallavpradhan/.nvm/versions/node/v24.9.0/etc/npmrc
7 verbose title npm install
8 verbose argv "install" "--cache" "./.npm-cache"
9 verbose logfile logs-max:10 dir:/Volumes/PALLAV/MUNUDIDI ATTANDENCE APP/.npm-cache/_logs/2025-12-08T08_10_14_353Z-
10 verbose logfile /Volumes/PALLAV/MUNUDIDI ATTANDENCE APP/.npm-cache/_logs/2025-12-08T08_10_14_353Z-debug-0.log
11 silly logfile done cleaning log files
12 silly packumentCache heap:4496293888 maxSize:1124073472 maxEntrySize:562036736
13 silly idealTree buildDeps
14 silly fetch manifest sqlite@^4.1.0
15 silly packumentCache full:https://registry.npmjs.org/sqlite cache-miss
16 http fetch GET 200 https://registry.npmjs.org/sqlite 160ms (cache miss)
17 silly packumentCache full:https://registry.npmjs.org/sqlite set size:undefined disposed:false
18 silly placeDep ROOT sqlite@4.2.1 OK for: attendance-app@0.1.0 want: ^4.1.0
19 silly reify moves {}
20 silly audit bulk request {
20 silly audit   '@gar/promisify': [ '1.1.3' ],
20 silly audit   '@mapbox/node-pre-gyp': [ '1.0.11' ],
20 silly audit   '@npmcli/fs': [ '1.1.1' ],
20 silly audit   '@npmcli/move-file': [ '1.1.2' ],
20 silly audit   mkdirp: [ '1.0.4', '0.5.6' ],
20 silly audit   '@tootallnate/once': [ '1.1.2' ],
20 silly audit   abbrev: [ '1.1.1' ],
20 silly audit   accepts: [ '1.3.8' ],
20 silly audit   'adler-32': [ '1.3.1' ],
20 silly audit   'agent-base': [ '6.0.2' ],
20 silly audit   debug: [ '4.4.3', '2.6.9', '3.2.7' ],
20 silly audit   ms: [ '2.1.3', '2.0.0' ],
20 silly audit   agentkeepalive: [ '4.6.0' ],
20 silly audit   'aggregate-error': [ '3.1.0' ],
20 silly audit   'ansi-regex': [ '5.0.1' ],
20 silly audit   anymatch: [ '3.1.3' ],
20 silly audit   'append-field': [ '1.0.0' ],
20 silly audit   aproba: [ '2.1.0' ],
20 silly audit   'are-we-there-yet': [ '2.0.0', '3.0.1' ],
20 silly audit   'readable-stream': [ '3.6.2', '2.3.8' ],
20 silly audit   'array-flatten': [ '1.1.1' ],
20 silly audit   async: [ '3.2.6' ],
20 silly audit   'balanced-match': [ '1.0.2' ],
20 silly audit   'base64-js': [ '1.5.1' ],
20 silly audit   bcrypt: [ '5.1.1' ],
20 silly audit   'binary-extensions': [ '2.3.0' ],
20 silly audit   bindings: [ '1.5.0' ],
20 silly audit   bl: [ '4.1.0' ],
20 silly audit   'body-parser': [ '1.20.4' ],
20 silly audit   'brace-expansion': [ '2.0.2', '1.1.12' ],
20 silly audit   braces: [ '3.0.3' ],
20 silly audit   buffer: [ '5.7.1' ],
20 silly audit   'buffer-from': [ '1.1.2' ],
20 silly audit   busboy: [ '1.6.0' ],
20 silly audit   bytes: [ '3.1.2' ],
20 silly audit   cacache: [ '15.3.0' ],
20 silly audit   'call-bind-apply-helpers': [ '1.0.2' ],
20 silly audit   'call-bound': [ '1.0.4' ],
20 silly audit   cfb: [ '1.2.2' ],
20 silly audit   chokidar: [ '3.6.0' ],
20 silly audit   chownr: [ '2.0.0', '1.1.4' ],
20 silly audit   'clean-stack': [ '2.2.0' ],
20 silly audit   codepage: [ '1.15.0' ],
20 silly audit   'color-support': [ '1.1.3' ],
20 silly audit   'concat-map': [ '0.0.1' ],
20 silly audit   'concat-stream': [ '1.6.2' ],
20 silly audit   'console-control-strings': [ '1.1.0' ],
20 silly audit   'content-disposition': [ '0.5.4' ],
20 silly audit   'content-type': [ '1.0.5' ],
20 silly audit   cookie: [ '0.7.2' ],
20 silly audit   'cookie-signature': [ '1.0.7' ],
20 silly audit   'core-util-is': [ '1.0.3' ],
20 silly audit   'crc-32': [ '1.2.2' ],
20 silly audit   'decompress-response': [ '6.0.0' ],
20 silly audit   'deep-extend': [ '0.6.0' ],
20 silly audit   delegates: [ '1.0.0' ],
20 silly audit   depd: [ '2.0.0' ],
20 silly audit   destroy: [ '1.2.0' ],
20 silly audit   'detect-libc': [ '2.1.2' ],
20 silly audit   'dunder-proto': [ '1.0.1' ],
20 silly audit   'ee-first': [ '1.1.1' ],
20 silly audit   ejs: [ '3.1.10' ],
20 silly audit   'emoji-regex': [ '8.0.0' ],
20 silly audit   encodeurl: [ '2.0.0', '1.0.2' ],
20 silly audit   encoding: [ '0.1.13' ],
20 silly audit   'iconv-lite': [ '0.6.3', '0.4.24' ],
20 silly audit   'end-of-stream': [ '1.4.5' ],
20 silly audit   'env-paths': [ '2.2.1' ],
20 silly audit   'err-code': [ '2.0.3' ],
20 silly audit   'es-define-property': [ '1.0.1' ],
20 silly audit   'es-errors': [ '1.3.0' ],
20 silly audit   'es-object-atoms': [ '1.1.1' ],
20 silly audit   'escape-html': [ '1.0.3' ],
20 silly audit   etag: [ '1.8.1' ],
20 silly audit   'expand-template': [ '2.0.3' ],
20 silly audit   express: [ '4.22.1' ],
20 silly audit   'express-session': [ '1.18.2' ],
20 silly audit   'file-uri-to-path': [ '1.0.0' ],
20 silly audit   filelist: [ '1.0.4' ],
20 silly audit   'fill-range': [ '7.1.1' ],
20 silly audit   finalhandler: [ '1.3.2' ],
20 silly audit   forwarded: [ '0.2.0' ],
20 silly audit   frac: [ '1.1.2' ],
20 silly audit   fresh: [ '0.5.2' ],
20 silly audit   'fs-constants': [ '1.0.0' ],
20 silly audit   'fs-minipass': [ '2.1.0' ],
20 silly audit   'fs.realpath': [ '1.0.0' ],
20 silly audit   fsevents: [ '2.3.3' ],
20 silly audit   'function-bind': [ '1.1.2' ],
20 silly audit   gauge: [ '3.0.2', '4.0.4' ],
20 silly audit   'get-intrinsic': [ '1.3.0' ],
20 silly audit   'get-proto': [ '1.0.1' ],
20 silly audit   'github-from-package': [ '0.0.0' ],
20 silly audit   glob: [ '7.2.3' ],
20 silly audit   'glob-parent': [ '5.1.2' ],
20 silly audit   minimatch: [ '3.1.2', '5.1.6' ],
20 silly audit   gopd: [ '1.2.0' ],
20 silly audit   'graceful-fs': [ '4.2.11' ],
20 silly audit   'has-flag': [ '3.0.0' ],
20 silly audit   'has-symbols': [ '1.1.0' ],
20 silly audit   'has-unicode': [ '2.0.1' ],
20 silly audit   hasown: [ '2.0.2' ],
20 silly audit   'http-cache-semantics': [ '4.2.0' ],
20 silly audit   'http-errors': [ '2.0.1', '2.0.0' ],
20 silly audit   'http-proxy-agent': [ '4.0.1' ],
20 silly audit   'https-proxy-agent': [ '5.0.1' ],
20 silly audit   'humanize-ms': [ '1.2.1' ],
20 silly audit   ieee754: [ '1.2.1' ],
20 silly audit   'ignore-by-default': [ '1.0.1' ],
20 silly audit   imurmurhash: [ '0.1.4' ],
20 silly audit   'indent-string': [ '4.0.0' ],
20 silly audit   'infer-owner': [ '1.0.4' ],
20 silly audit   inflight: [ '1.0.6' ],
20 silly audit   inherits: [ '2.0.4' ],
20 silly audit   ini: [ '1.3.8' ],
20 silly audit   'ip-address': [ '10.1.0' ],
20 silly audit   'ipaddr.js': [ '1.9.1' ],
20 silly audit   'is-binary-path': [ '2.1.0' ],
20 silly audit   'is-extglob': [ '2.1.1' ],
20 silly audit   'is-fullwidth-code-point': [ '3.0.0' ],
20 silly audit   'is-glob': [ '4.0.3' ],
20 silly audit   'is-lambda': [ '1.0.1' ],
20 silly audit   'is-number': [ '7.0.0' ],
20 silly audit   isarray: [ '1.0.0' ],
20 silly audit   isexe: [ '2.0.0' ],
20 silly audit   jake: [ '10.9.4' ],
20 silly audit   'lru-cache': [ '6.0.0' ],
20 silly audit   'make-dir': [ '3.1.0' ],
20 silly audit   semver: [ '6.3.1', '5.7.2', '7.7.3', '7.0.0' ],
20 silly audit   'make-fetch-happen': [ '9.1.0' ],
20 silly audit   'math-intrinsics': [ '1.1.0' ],
20 silly audit   'media-typer': [ '0.3.0' ],
20 silly audit   'merge-descriptors': [ '1.0.3' ],
20 silly audit   methods: [ '1.1.2' ],
20 silly audit   mime: [ '1.6.0' ],
20 silly audit   'mime-db': [ '1.52.0' ],
20 silly audit   'mime-types': [ '2.1.35' ],
20 silly audit   'mimic-response': [ '3.1.0' ],
20 silly audit   minimist: [ '1.2.8' ],
20 silly audit   minipass: [ '3.3.6', '5.0.0' ],
20 silly audit   'minipass-collect': [ '1.0.2' ],
20 silly audit   'minipass-fetch': [ '1.4.1' ],
20 silly audit   'minipass-flush': [ '1.0.5' ],
20 silly audit   'minipass-pipeline': [ '1.2.4' ],
20 silly audit   'minipass-sized': [ '1.0.3' ],
20 silly audit   minizlib: [ '2.1.2' ],
20 silly audit   'mkdirp-classic': [ '0.5.3' ],
20 silly audit   multer: [ '1.4.5-lts.2' ],
20 silly audit   'napi-build-utils': [ '2.0.0' ],
20 silly audit   negotiator: [ '0.6.3' ],
20 silly audit   'node-abi': [ '3.85.0' ],
20 silly audit   'node-addon-api': [ '5.1.0', '7.1.1' ],
20 silly audit   'node-fetch': [ '2.7.0' ],
20 silly audit   'node-gyp': [ '8.4.1' ],
20 silly audit   npmlog: [ '6.0.2', '5.0.1' ],
20 silly audit   nodemon: [ '2.0.22' ],
20 silly audit   nopt: [ '5.0.0' ],
20 silly audit   'normalize-path': [ '3.0.0' ],
20 silly audit   'object-assign': [ '4.1.1' ],
20 silly audit   'object-inspect': [ '1.13.4' ],
20 silly audit   'on-finished': [ '2.4.1' ],
20 silly audit   'on-headers': [ '1.1.0' ],
20 silly audit   once: [ '1.4.0' ],
20 silly audit   'p-map': [ '4.0.0' ],
20 silly audit   parseurl: [ '1.3.3' ],
20 silly audit   'path-is-absolute': [ '1.0.1' ],
20 silly audit   'path-to-regexp': [ '0.1.12' ],
20 silly audit   picocolors: [ '1.1.1' ],
20 silly audit   picomatch: [ '2.3.1' ],
20 silly audit   'prebuild-install': [ '7.1.3' ],
20 silly audit   'process-nextick-args': [ '2.0.1' ],
20 silly audit   'promise-inflight': [ '1.0.1' ],
20 silly audit   'promise-retry': [ '2.0.1' ],
20 silly audit   'proxy-addr': [ '2.0.7' ],
20 silly audit   'pstree.remy': [ '1.1.8' ],
20 silly audit   pump: [ '3.0.3' ],
20 silly audit   qs: [ '6.14.0' ],
20 silly audit   'random-bytes': [ '1.0.0' ],
20 silly audit   'range-parser': [ '1.2.1' ],
20 silly audit   'raw-body': [ '2.5.3' ],
20 silly audit   rc: [ '1.2.8' ],
20 silly audit   'safe-buffer': [ '5.1.2', '5.2.1' ],
20 silly audit   readdirp: [ '3.6.0' ],
20 silly audit   retry: [ '0.12.0' ],
20 silly audit   rimraf: [ '3.0.2' ],
20 silly audit   'safer-buffer': [ '2.1.2' ],
20 silly audit   send: [ '0.19.1', '0.19.0' ],
20 silly audit   statuses: [ '2.0.1', '2.0.2' ],
20 silly audit   'serve-static': [ '1.16.2' ],
20 silly audit   'set-blocking': [ '2.0.0' ],
20 silly audit   setprototypeof: [ '1.2.0' ],
20 silly audit   'side-channel': [ '1.1.0' ],
20 silly audit   'side-channel-list': [ '1.0.0' ],
20 silly audit   'side-channel-map': [ '1.0.1' ],
20 silly audit   'side-channel-weakmap': [ '1.0.2' ],
20 silly audit   'signal-exit': [ '3.0.7' ],
20 silly audit   'simple-concat': [ '1.0.1' ],
20 silly audit   'simple-get': [ '4.0.1' ],
20 silly audit   'simple-update-notifier': [ '1.1.0' ],
20 silly audit   'smart-buffer': [ '4.2.0' ],
20 silly audit   socks: [ '2.8.7' ],
20 silly audit   'socks-proxy-agent': [ '6.2.1' ],
20 silly audit   sqlite3: [ '5.1.7' ],
20 silly audit   ssf: [ '0.11.2' ],
20 silly audit   ssri: [ '8.0.1' ],
20 silly audit   streamsearch: [ '1.1.0' ],
20 silly audit   string_decoder: [ '1.1.1' ],
20 silly audit   'string-width': [ '4.2.3' ],
20 silly audit   'strip-ansi': [ '6.0.1' ],
20 silly audit   'strip-json-comments': [ '2.0.1' ],
20 silly audit   'supports-color': [ '5.5.0' ],
20 silly audit   tar: [ '6.2.1' ],
20 silly audit   'tar-fs': [ '2.1.4' ],
20 silly audit   'tar-stream': [ '2.2.0' ],
20 silly audit   'to-regex-range': [ '5.0.1' ],
20 silly audit   toidentifier: [ '1.0.1' ],
20 silly audit   touch: [ '3.1.1' ],
20 silly audit   tr46: [ '0.0.3' ],
20 silly audit   'tunnel-agent': [ '0.6.0' ],
20 silly audit   'type-is': [ '1.6.18' ],
20 silly audit   typedarray: [ '0.0.6' ],
20 silly audit   'uid-safe': [ '2.1.5' ],
20 silly audit   undefsafe: [ '2.0.5' ],
20 silly audit   'unique-filename': [ '1.1.1' ],
20 silly audit   'unique-slug': [ '2.0.2' ],
20 silly audit   unpipe: [ '1.0.0' ],
20 silly audit   'util-deprecate': [ '1.0.2' ],
20 silly audit   'utils-merge': [ '1.0.1' ],
20 silly audit   vary: [ '1.1.2' ],
20 silly audit   'webidl-conversions': [ '3.0.1' ],
20 silly audit   'whatwg-url': [ '5.0.0' ],
20 silly audit   which: [ '2.0.2' ],
20 silly audit   'wide-align': [ '1.1.5' ],
20 silly audit   wmf: [ '1.0.2' ],
20 silly audit   word: [ '0.3.0' ],
20 silly audit   wrappy: [ '1.0.2' ],
20 silly audit   xlsx: [ '0.18.5' ],
20 silly audit   xtend: [ '4.0.2' ],
20 silly audit   yallist: [ '4.0.0' ],
20 silly audit   sqlite: [ '4.2.1' ]
20 silly audit }
21 http cache sqlite@https://registry.npmjs.org/sqlite/-/sqlite-4.2.1.tgz 0ms (cache hit)
22 silly tarball no local data for sqlite@https://registry.npmjs.org/sqlite/-/sqlite-4.2.1.tgz. Extracting by manifest.
23 http fetch GET 200 https://registry.npmjs.org/sqlite/-/sqlite-4.2.1.tgz 121ms (cache miss)
24 http fetch POST 200 https://registry.npmjs.org/-/npm/v1/security/advisories/bulk 321ms
25 silly audit report {
25 silly audit report   semver: [
25 silly audit report     {
25 silly audit report       id: 1101088,
25 silly audit report       url: 'https://github.com/advisories/GHSA-c2qf-rxjj-qqgw',
25 silly audit report       title: 'semver vulnerable to Regular Expression Denial of Service',
25 silly audit report       severity: 'high',
25 silly audit report       vulnerable_versions: '>=7.0.0 <7.5.2',
25 silly audit report       cwe: [Array],
25 silly audit report       cvss: [Object]
25 silly audit report     }
25 silly audit report   ],
25 silly audit report   xlsx: [
25 silly audit report     {
25 silly audit report       id: 1108110,
25 silly audit report       url: 'https://github.com/advisories/GHSA-4r6h-8v6p-xvw6',
25 silly audit report       title: 'Prototype Pollution in sheetJS',
25 silly audit report       severity: 'high',
25 silly audit report       vulnerable_versions: '<0.19.3',
25 silly audit report       cwe: [Array],
25 silly audit report       cvss: [Object]
25 silly audit report     },
25 silly audit report     {
25 silly audit report       id: 1108111,
25 silly audit report       url: 'https://github.com/advisories/GHSA-5pgg-2g8v-p4x9',
25 silly audit report       title: 'SheetJS Regular Expression Denial of Service (ReDoS)',
25 silly audit report       severity: 'high',
25 silly audit report       vulnerable_versions: '<0.20.2',
25 silly audit report       cwe: [Array],
25 silly audit report       cvss: [Object]
25 silly audit report     }
25 silly audit report   ]
25 silly audit report }
26 silly packumentCache corgi:https://registry.npmjs.org/semver cache-miss
27 silly packumentCache corgi:https://registry.npmjs.org/xlsx cache-miss
28 http cache https://registry.npmjs.org/xlsx 5ms (cache hit)
29 silly packumentCache corgi:https://registry.npmjs.org/xlsx set size:134408 disposed:false
30 http cache https://registry.npmjs.org/semver 8ms (cache hit)
31 silly packumentCache corgi:https://registry.npmjs.org/semver set size:95618 disposed:false
32 silly packumentCache corgi:https://registry.npmjs.org/simple-update-notifier cache-miss
33 http cache https://registry.npmjs.org/simple-update-notifier 2ms (cache hit)
34 silly packumentCache corgi:https://registry.npmjs.org/simple-update-notifier set size:21489 disposed:false
35 silly packumentCache corgi:https://registry.npmjs.org/nodemon cache-miss
36 http cache https://registry.npmjs.org/nodemon 2ms (cache hit)
37 silly packumentCache corgi:https://registry.npmjs.org/nodemon set size:278637 disposed:false
38 silly ADD node_modules/sqlite
39 verbose cwd /Volumes/PALLAV/MUNUDIDI ATTANDENCE APP
40 verbose os Darwin 24.6.0
41 verbose node v24.9.0
42 verbose npm  v11.6.0
43 verbose exit 0
44 info ok
